6 sequence; length of alignment 107
alifold output
    6    70  0  99.8%   0.020 GC:6   
    5    71  0  99.7%   0.023 UA:6   
    4    72  0  99.6%   0.023 AU:6   
    3    73  0  98.9%   0.061 GC:6   
   19    60  0  98.6%   0.166 GC:6   
   18    61  0  98.6%   0.171 GC:6   
   20    59  0  98.4%   0.171 CG:6   
   35    45  0  97.9%   0.195 CG:6   
   34    46  1  97.3%   0.204 GC:5   
    7    69  0  96.1%   0.222 UA:6   
   36    44  0  95.7%   0.350 UG:6   
   17    62  0  90.0%   0.419 GU:4    AU:2   
   37    43  1  88.9%   0.604 CG:5   
   29    52  0  82.1%   0.988 CG:6   
   28    53  0  81.7%   0.865 UA:6   
    8    68  1  80.8%   0.836 UA:5   
   27    54  0  77.9%   0.958 UA:6   
   30    51  0  77.0%   1.264 AU:6   
   14    65  0  73.7%   1.113 GC:6   
   15    64  0  73.0%   1.141 AU:6   
   11    65  0  22.4%   1.329 GC:6    +
   12    64  0  22.2%   1.451 AU:6    +
   25    56  0  15.6%   1.259 UG:3    UA:3    +
   32    48  0  16.1%   1.316 CG:6    +
   29    48  0  14.6%   1.451 CG:6    +
   28    49  0  14.5%   1.068 UA:6    +
   27    50  0  13.5%   1.160 UG:1    UA:5    +
   24    57  2  13.7%   1.293 AU:4    +
   22    57  1  13.4%   1.286 AU:5    +
   30    47  0  12.4%   1.094 AU:6    +
   26    51  0  11.7%   1.134 GU:6    +
    9    66  0   5.4%   0.615 GU:1    AU:5    +
    8    67  0   5.3%   0.744 CG:1    UG:5    +
   25    52  0   5.3%   1.069 UG:6    +
   51    56  0   2.8%   1.065 UG:3    UA:3    +
   12    66  0   3.2%   0.880 AU:6    +
   38    43  0   1.7%   0.414 UG:5    UA:1    +
    7    68  0   2.7%   0.566 UA:6    +
   47    58  0   1.4%   0.483 UG:2    UA:4    +
   43    62  0   1.3%   0.463 GU:5    AU:1    +
   37    44  0   2.1%   0.534 CG:6    +
   48    57  0   1.0%   1.480 GC:1    GU:5    +
   50    57  1   1.8%   1.161 GU:1    AU:4    +
   10    67  0   1.7%   0.454 UG:6    +
   33    48  0   1.5%   0.874 UG:6    +
    1    74  2   1.8%   0.241 GC:3    AU:1    +
   45    60  0   1.4%   0.234 GC:6    +
   44    61  0   1.4%   0.335 GC:6    +
   25    58  0   0.4%   0.674 UG:2    UA:4    +
    3    74  0   0.3%   0.144 GC:5    GU:1    +
   26    57  0   0.3%   1.079 GC:1    GU:5    +
   17    38  0   0.2%   0.273 GU:4    AU:2    +
   27    56  0   0.2%   0.954 UG:3    UA:3    +
   16    39  0   0.1%   0.110 CG:2    UG:4    +
   33    43  0   0.1%   0.379 UG:5    UA:1    +
   52    57  0   0.1%   1.096 GC:1    GU:5    +
   51    58  0   0.1%   0.658 UG:2    UA:4    +
   25    43  0   0.1%   0.825 UG:5    UA:1    +
   10    68  0   1.0%   0.507 UA:6    +
   39    65  0   0.9%   0.715 GC:6    +
   40    64  0   0.9%   0.741 AU:6    +
   41    63  0   0.9%   0.202 AU:6    +
   25    55  0   0.9%   0.663 UA:6    +
   46    59  1   1.4%   0.222 CG:5    +
   20    34  0   0.8%   0.209 CG:6    +
   19    35  0   0.8%   0.191 GC:6    +
   21    33  1   0.6%   0.215 GU:1    AU:4    +
   18    36  0   0.6%   0.219 GU:6    +
   15    63  0   0.5%   0.395 AU:6    +
   20    26  0   0.4%   0.419 CG:6    +
   19    27  0   0.4%   0.645 GU:6    +
   18    28  0   0.4%   0.607 GU:6    +
   11    66  0   0.4%   0.703 GU:6    +
   25    54  0   0.4%   0.809 UA:6    +
   12    63  0   0.3%   0.594 AU:6    +
   14    64  0   0.3%   0.942 GU:6    +
   23    57  1   0.8%   0.821 AU:5    +
   37    67  0   0.3%   0.521 CG:6    +
   27    53  0   0.3%   0.757 UA:6    +
   25    53  0   0.2%   0.781 UA:6    +
   11    64  0   0.2%   1.045 GU:6    +
   34    47  0   0.2%   0.443 GU:6    +
   18    37  0   0.2%   0.346 GC:6    +
   36    45  0   0.2%   0.219 UG:6    +
   14    63  0   0.2%   0.396 GU:6    +
   36    68  0   0.2%   0.448 UA:6    +
   28    52  0   0.2%   0.858 UG:6    +
   29    39  0   0.2%   0.559 CG:6    +
   28    40  0   0.2%   0.569 UA:6    +
   27    41  0   0.2%   0.612 UA:6    +
   26    32  0   0.2%   0.660 GC:6    +
   30    38  0   0.1%   0.601 AU:6    +
   32    44  0   0.1%   0.545 CG:6    +
   21    25  1   0.1%   0.641 GU:1    AU:4    +
   14    32  0   0.1%   0.624 GC:6    +
   13    67  0   0.1%   0.285 UG:6    +
   32    45  0   0.1%   0.442 CG:6    +
   31    51  0   0.1%   0.591 AU:6    +
   33    44  0   0.1%   0.329 UG:6    +
   12    72  0   0.1%   0.494 AU:6    +
   13    71  0   0.1%   0.041 UA:6    +
   11    73  0   0.1%   0.412 GC:6    +
   21    57  2   0.3%   0.827 GU:1    AU:3    +
   17    37  2   0.5%   0.441 GC:4    +
   17    29  2   0.4%   0.668 GC:4    +
   26    42  1   0.1%   0.341 GU:5    +
   16    30  2   0.3%   0.547 UA:4    +
..((((((.....((.((((......((((...((((.....)))).,..))))....)))).))..))))))..................................
