#<
#Date: Thu Aug  2 15:12:23 2001
#EnergyModel: dangle=2 Temp=37.0 logML=logarithmic Par=VRNA-1.4
#MoveSet: noShift=off noLP=off
#Simulation: num=10 time=500.00 seed=clock fpt=on mc=Kawasaki
#Output: log=hairpin.e silent=on lmin=off cut=20.00
#ACUGAUCGUAGUCAC
#............... (  0.00)
#..((((....)))). ( -0.60) X01
#((((....))))... (  0.40) X02
(20919 15209  5246) X01        9.495
(37503 34287 60895) X01        5.325
(32207 13446 53388) X01        6.008
(45167  5229 23791) X02        4.194
(45433 53919 17806) X02        5.419
(10205  8134 35980) X01       32.380
(36817  5241 15865) X01        4.066
(22891 28285  5106) X02        9.916
(11239 25108 29130) X01        6.766
(29917 23269 27183) X01       11.207
(11597 13711  6518)
