6 sequence; length of alignment 75
alifold output
   29    37  0  99.4%   0.046 GU:5    AU:1   
   27    39  0  99.9%   0.005 CG:6   
   26    40  0  99.7%   0.019 UA:6   
   28    38  1  99.2%   0.034 AU:5   
   30    36  1  98.3%   0.078 GC:5   
   25    41  1  96.5%   0.185 UA:5   
   24    42  0  93.8%   0.343 CG:5    UG:1   
    8    54  1  46.6%   1.242 CG:5    +
    9    53  1  46.4%   1.212 AU:5    +
   10    52  1  45.6%   1.252 GC:2    AU:3    +
    7    55  1  44.6%   1.270 CG:2    UA:3    +
   11    51  2  30.5%   1.314 AU:4    +
   12    50  2  22.3%   1.289 GC:1    AU:3    +
   50    71  0   2.6%   0.978 CG:2    UG:4    +
   50    55  0   1.3%   1.142 CG:2    UG:1    UA:3    +
   19    42  0   1.9%   0.521 CG:4    UG:2    +
   52    69  1   2.9%   0.865 CG:2    UG:3    +
   17    71  0   1.8%   0.520 CG:5    UG:1    +
   19    72  0   1.7%   0.593 CG:4    UG:2    +
   20    71  0   1.5%   0.658 CG:1    UG:5    +
   11    16  0   0.4%   0.539 UG:1    AU:4    UA:1    +
   51    70  2   2.7%   0.910 UG:1    UA:3    +
   53    68  2   2.6%   0.768 UG:1    UA:3    +
   50    54  0   0.2%   1.077 CG:2    UG:3    UA:1    +
   18    43  0   2.1%   0.589 UA:6    +
   55    66  1   2.0%   0.735 GU:2    AU:3    +
   19    69  1   1.7%   0.541 CG:3    UG:2    +
   21    42  0   0.7%   0.411 CG:2    UG:4    +
   54    67  2   2.3%   0.717 GU:4    +
   18    73  0   1.5%   0.522 UA:6    +
   18    70  2   1.7%   0.620 UG:1    UA:3    +
   49    72  2   1.7%   0.488 CG:3    UG:1    +
   42    52  0   0.3%   0.753 GC:3    GU:3    +
   17    72  0   0.2%   0.432 CG:5    UG:1    +
   52    71  0   0.2%   0.860 CG:3    UG:3    +
   51    72  0   0.2%   0.862 CG:1    UG:5    +
   17    42  0   0.2%   0.350 CG:5    UG:1    +
   52    72  0   0.1%   0.825 CG:3    UG:3    +
   31    36  0   0.1%   0.056 GC:5    GU:1    +
   44    55  0   0.1%   0.555 UG:3    UA:3    +
   15    73  0   1.0%   0.293 UA:6    +
   20    41  1   1.3%   0.434 UA:5    +
   16    70  1   0.3%   0.393 GU:1    UG:1    UA:3    +
   20    43  1   1.2%   0.543 UA:5    +
   47    74  1   0.2%   0.046 CG:1    AU:2    UA:2    +
   20    68  2   1.0%   0.497 UG:1    UA:3    +
   21    70  2   0.8%   0.460 UG:1    UA:3    +
   16    72  2   1.2%   0.465 UG:4    +
   67    72  1   0.3%   0.432 CG:1    UG:4    +
   17    69  1   0.3%   0.381 CG:4    UG:1    +
    7    72  1   0.2%   0.690 CG:2    UG:3    +
   46    53  1   0.2%   0.557 AU:4    UA:1    +
   18    68  1   0.2%   0.482 UG:1    UA:4    +
   15    71  0   0.2%   0.417 UG:6    +
   12    20  1   0.2%   0.677 GU:1    AU:4    +
   29    36  1   0.2%   0.068 GC:4    GU:1    +
   18    71  0   0.2%   0.625 UG:6    +
   18    41  0   0.1%   0.408 UA:6    +
   12    18  1   0.1%   0.695 GU:1    AU:4    +
   55    65  1   0.1%   0.576 GU:2    AU:3    +
   54    66  1   0.1%   0.644 GU:4    AU:1    +
   50    68  1   0.1%   0.746 CG:1    UA:4    +
   69    75  1   0.1%   0.262 GC:4    GU:1    +
   50    69  1   0.1%   0.806 CG:1    UG:4    +
   49    54  2   0.4%   0.654 CG:3    UA:1    +
   12    21  2   0.4%   0.578 GC:1    AU:3    +
   43    51  1   0.4%   0.796 AU:5    +
   21    43  2   0.6%   0.410 UA:4    +
   50    70  2   0.2%   0.830 UG:1    UA:3    +
   52    68  2   0.2%   0.713 CG:1    UA:3    +
   49    71  2   0.2%   0.461 CG:3    UG:1    +
   64    69  2   0.2%   0.268 CG:2    UG:1    --:1    +
   12    51  2   0.1%   0.959 GU:1    AU:3    +
   57    70  2   0.1%   0.283 UG:1    UA:2    --:1    +
   63    70  2   0.1%   0.280 UG:1    UA:2    --:1    +
   42    49  2   0.1%   0.347 GC:3    GU:1    +
   49    69  2   0.1%   0.372 CG:3    UG:1    +
   66    73  1   0.3%   0.311 UA:5    +
    2    56  2   0.1%   0.044 GC:3    UA:1    +
    8    71  1   0.2%   0.718 CG:5    +
   66    72  1   0.2%   0.438 UG:5    +
   51    69  1   0.2%   0.810 UG:5    +
   65    73  1   0.2%   0.219 UA:5    +
   20    46  2   0.4%   0.341 UA:4    +
   56    71  1   0.2%   0.366 CG:5    +
   41    53  1   0.1%   0.610 AU:5    +
   51    73  1   0.1%   0.729 UA:5    +
    3    73  1   0.1%   0.197 UA:5    +
   56    69  1   0.1%   0.278 CG:5    +
   53    71  1   0.1%   0.825 UG:5    +
   28    37  1   0.1%   0.039 AU:5    +
    4    72  1   0.1%   0.324 UG:5    +
   43    50  2   0.2%   0.790 AU:4    +
   18    46  2   0.2%   0.354 UA:4    +
   16    43  2   0.2%   0.348 UA:4    +
   15    46  2   0.1%   0.141 UA:4    +
   16    73  2   0.1%   0.294 UA:4    +
   50    73  2   0.1%   0.733 UA:4    +
   11    18  2   0.1%   0.694 AU:4    +
......,,,,.............(((((((.....)))))))........,,,},....................
