6 sequence; length of alignment 106
alifold output
    5    55  0 100.0%   0.001 GC:6   
    7    53  0 100.0%   0.001 CG:6   
    6    54  0 100.0%   0.001 UA:6   
   17    43  0  99.9%   0.005 GC:6   
   18    42  0  99.9%   0.005 CG:6   
   13    47  0  99.8%   0.011 CG:6   
   24    35  1  99.9%   0.005 GC:5   
   12    48  0  99.4%   0.024 CG:6   
   25    34  0  99.2%   0.039 AU:6   
    4    56  1  99.7%   0.012 GC:5   
   23    36  1  99.4%   0.018 AU:5   
   14    46  0  98.5%   0.046 AU:6   
   22    37  2  98.5%   0.051 GC:1    UG:3   
    8    52  0  97.7%   0.069 AU:6   
   26    33  0  94.8%   0.184 AU:6   
   21    38  0  92.8%   0.221 UA:6   
    3    57  2  67.9%   0.803 UA:4   
   16    44  0  62.4%   0.890 GU:6   
    9    51  2  47.9%   1.063 UA:4    +
    2    58  2  46.4%   1.125 GU:1    AU:3   
   71    78  0  31.3%   2.285 CG:6   
   72    77  0  30.2%   2.058 CG:6   
   94   103  1  30.2%   1.317 GC:5    +
   95   102  1  29.9%   1.413 CG:5    +
   68    77  0  22.5%   2.000 CG:1    UG:5    +
   67    78  1  22.2%   1.989 CG:2    UG:3    +
   69    76  0  19.1%   1.167 CG:1    UA:5    +
   66    79  2  20.6%   1.326 AU:4    +
   65    80  0  19.7%   1.092 AU:6    +
   64    81  2  16.4%   1.021 AU:4    +
   70    78  0  11.2%   1.857 CG:5    UG:1    +
   63    82  0  12.1%   0.897 AU:6    +
   71    77  0  11.0%   2.159 CG:6    +
   77    99  0   4.0%   1.592 GC:3    GU:3    +
   79    94  0   3.4%   1.263 CG:1    UG:5    +
   76   100  0   3.2%   0.725 GU:1    AU:5    +
   78    95  0   3.6%   2.013 GC:6    +
   78    98  1   4.0%   1.572 GC:5    +
   10    49  0   3.1%   0.331 UA:6    +
   79   102  0   1.0%   1.129 CG:1    UG:4    UA:1    +
   95   106  0   2.6%   0.900 CG:6    +
   97   104  0   2.5%   0.516 AU:6    +
   79    97  1   2.9%   0.932 UA:5    +
   96   105  1   2.7%   0.585 UA:5    +
   70    77  0   1.1%   1.658 CG:5    UG:1    +
   77    96  1   2.6%   1.607 GU:5    +
   69    78  0   1.0%   1.736 CG:1    UG:5    +
   99   106  0   0.3%   0.400 CG:3    UG:3    +
   76   104  0   0.2%   0.694 GU:1    AU:5    +
   93   105  0   1.1%   0.407 UA:6    +
   87    94  0   0.1%   0.552 CG:5    UG:1    +
   77   104  0   0.9%   1.555 GU:6    +
   91   106  0   0.7%   0.321 UG:6    +
   92   105  2   1.2%   0.430 UA:4    +
   78   103  1   1.0%   1.779 GC:5    +
   92   106  1   0.5%   0.346 CG:1    UG:4    +
   65    81  0   0.5%   0.804 AU:6    +
   63    81  0   0.4%   0.708 AU:6    +
   65    82  0   0.4%   0.752 AU:6    +
   74   102  2   0.3%   0.516 CG:2    UG:1    UA:1    +
   26    32  0   0.3%   0.110 AU:6    +
   62    82  1   0.3%   0.406 GU:1    AU:4    +
   59   104  0   0.3%   0.264 AU:6    +
  100   105  0   0.3%   0.439 UA:6    +
   58   105  0   0.3%   0.692 UA:6    +
   27    31  0   0.3%   0.049 UG:6    +
   73   101  1   0.3%   0.081 GU:1    AU:4    +
   94   104  0   0.2%   0.754 GU:6    +
   91   105  0   0.2%   0.357 UA:6    +
   25    33  0   0.2%   0.093 AU:6    +
   76    96  1   0.2%   0.690 GU:1    AU:4    +
   77    95  0   0.2%   1.899 GC:6    +
    1    58  1   0.2%   0.451 GU:1    AU:4    +
   82    94  0   0.1%   0.889 UG:6    +
   72    78  0   0.1%   1.709 CG:6    +
   20    38  0   0.1%   0.097 UA:6    +
   62    80  1   0.1%   0.434 GU:1    AU:4    +
   66    80  1   0.5%   0.797 AU:5    +
   66    81  1   0.4%   0.800 AU:5    +
   74   106  2   0.1%   0.259 CG:2    UG:2    +
   72   102  1   0.3%   0.877 CG:5    +
   75   105  1   0.2%   0.325 UA:5    +
   77   103  1   0.2%   1.739 GC:5    +
   65    79  1   0.2%   1.012 AU:5    +
   64    82  2   0.3%   0.696 AU:4    +
   66    82  1   0.1%   0.740 AU:5    +
   75    97  1   0.1%   0.255 UA:5    +
   64    80  2   0.3%   0.734 AU:4    +
   61    81  2   0.1%   0.419 AU:4    +
.,((((((,..(((.{((..((((((......))))))...))}.)))..,)))))),............,.....}}...............,,...........
