6 sequence; length of alignment 105
alifold output
   53    80  0  98.8%   0.039 GC:1    GU:5   
   54    79  0  98.9%   0.033 GC:6   
   55    78  0  98.9%   0.034 CG:6   
   41    92  0  98.9%   0.034 CG:6   
   39    94  0  98.9%   0.036 GC:6   
   40    93  0  98.9%   0.036 UA:6   
   52    81  0  98.9%   0.041 GC:6   
   38    95  0  98.8%   0.040 GC:6   
   42    91  0  98.7%   0.042 AU:6   
   51    82  0  98.1%   0.071 AU:6   
   56    77  0  97.8%   0.079 UA:6   
   43    90  0  96.7%   0.112 UG:6   
   57    76  1  92.0%   0.256 CG:1    UG:3    UA:1   
   50    83  0  90.1%   0.306 GU:6   
   61    73  2  62.8%   1.417 GC:4   
   62    72  1  57.4%   1.297 GC:5   
   60    74  2  41.5%   1.436 GC:2    GU:1    UA:1   
   59    75  1  38.4%   1.150 UG:1    UA:4   
   46    87  0  32.9%   1.120 CG:6    +
   60    73  1  12.1%   1.557 GC:5    +
   61    72  2  10.4%   1.372 GC:4    +
    6    13  0   5.7%   0.684 UG:2    UA:4    +
    5    14  1   6.6%   0.905 GC:5    +
    5    12  0   4.0%   0.744 GC:3    GU:3    +
    6    11  0   3.2%   0.583 UG:2    UA:4    +
    9    14  1   3.1%   0.589 GC:5    +
   29   104  0   1.4%   0.298 CG:1    UA:5    +
   32    99  0   0.2%   0.068 CG:1    GU:1    UG:4    +
   12    19  0   1.2%   0.407 CG:3    UG:3    +
    8    21  0   0.1%   0.185 CG:1    UG:2    UA:3    +
   29    35  0   0.1%   0.181 CG:1    UG:2    UA:3    +
    5   101  0   1.0%   0.498 GC:2    GU:4    +
   29   103  0   0.7%   0.279 CG:1    UG:5    +
    4    12  0   0.4%   0.364 GC:3    GU:3    +
   28   105  1   0.8%   0.169 GU:1    AU:1    UA:3    +
    8    15  2   1.9%   0.276 UA:4    +
    9   101  0   0.2%   0.219 GC:2    GU:4    +
   10    21  0   0.1%   0.139 UG:3    UA:3    +
    4   101  0   0.1%   0.188 GC:2    GU:4    +
   10    37  0   0.1%   0.099 UG:1    UA:5    +
   65    70  1   1.1%   0.216 CG:1    UA:4    +
    6   100  0   0.9%   0.467 UA:6    +
   12    21  1   0.4%   0.324 CG:2    UG:1    UA:2    +
   60    72  1   1.2%   1.368 GC:5    +
   59    66  1   0.7%   0.477 UG:2    UA:3    +
   12    35  1   0.1%   0.280 CG:2    UG:1    UA:2    +
   60    65  1   0.6%   0.852 GC:2    GU:3    +
   62    73  1   1.1%   1.015 GC:5    +
   30   103  2   1.1%   0.254 UG:4    +
    7    16  2   1.0%   0.166 AU:4    +
   58    67  2   0.6%   0.097 GU:2    AU:2    +
   14    19  1   0.7%   0.503 CG:5    +
   28   104  2   0.6%   0.211 CG:1    UA:3    +
   45    87  0   0.2%   0.416 UG:6    +
   10   100  0   0.2%   0.154 UA:6    +
   57    68  2   0.2%   0.118 CG:1    UG:2    UA:1    +
   36    97  2   0.8%   0.158 UA:4    +
   10    19  0   0.1%   0.191 UG:6    +
   24    29  1   0.1%   0.172 GU:3    AU:2    +
   49    83  0   0.1%   0.124 AU:6    +
   44    90  0   0.1%   0.063 UG:6    +
   51    83  0   0.1%   0.139 AU:6    +
   30   102  2   0.4%   0.191 UG:2    AU:2    +
    4    14  1   0.5%   0.480 GC:5    +
    4   102  2   0.5%   0.188 GU:4    +
   11    36  2   0.1%   0.204 GU:1    AU:3    +
   65    71  2   0.3%   0.152 UA:4    +
   65    69  2   0.2%   0.148 UA:4    +
   32   100  2   0.2%   0.123 UA:4    +
   36    96  2   0.1%   0.096 UA:4    +
.....................................((((((......((((((((.,{({.........)),,))))))))......))))))..........
