6 sequence; length of alignment 120
alifold output
   32    47  0 100.0%   0.002 GC:3    GU:3   
   29    50  0  99.5%   0.029 CG:1    UG:5   
   33    46  0 100.0%   0.002 CG:6   
   28    51  0  98.9%   0.077 CG:4    UG:2   
   35    44  0  98.8%   0.043 GC:5    AU:1   
   34    45  0  99.8%   0.006 AU:6   
   30    49  1  99.8%   0.010 CG:4    UG:1   
   31    48  0  99.8%   0.007 AU:6   
   27    53  0  92.4%   0.367 AU:6   
   26    54  0  92.3%   0.548 CG:6   
   25    55  0  90.1%   0.571 GU:6   
   12    66  0  88.5%   0.812 CG:6   
   10    68  0  88.5%   0.880 CG:6   
   11    67  0  88.5%   0.876 AU:6   
    9    69  0  88.4%   0.879 GC:6   
   13    65  0  87.9%   0.553 UA:6   
   14    64  0  86.8%   1.160 GC:6   
   90   117  0  86.6%   1.088 CG:6   
   89   118  0  86.4%   1.112 GC:6   
   91   116  0  86.3%   0.987 AU:6   
   92   115  0  74.3%   1.377 UG:5    UA:1   
   74    86  0  59.4%   1.381 GC:6    +
   73    87  0  58.8%   1.258 AU:6    +
   98   111  1  58.8%   2.079 GC:5   
   99   110  1  57.6%   1.742 UG:5   
   72    88  0  55.0%   1.323 CG:1    UG:5    +
  100   109  0  53.9%   1.427 UG:6   
   97   112  1  54.3%   1.391 GU:5   
   75    85  1  42.7%   1.288 AU:5    +
   17    61  0  31.1%   1.744 UG:2    UA:4   
   15    62  0  27.2%   1.936 CG:5    UG:1    +
   94   111  1  25.7%   2.212 GC:5    +
   98   107  0  24.5%   1.681 GU:6    +
   95   110  1  24.4%   1.931 UG:5    +
   77    83  0  15.7%   1.030 AU:6    +
   94   114  0   7.5%   1.516 GC:2    GU:4    +
   10   117  0   8.3%   1.007 CG:6    +
    9   118  0   8.2%   1.016 GC:6    +
   11   116  0   8.2%   0.994 AU:6    +
   19    57  0   7.9%   1.336 GC:6    +
   68    90  0   7.7%   1.132 GC:6    +
   80    88  0   7.7%   1.166 CG:6    +
   67    91  0   7.7%   1.035 UA:6    +
   12   115  1   8.1%   1.272 CG:5    +
   69    89  0   7.5%   1.141 CG:6    +
   81    87  0   7.4%   0.989 AU:6    +
   64    94  0   7.1%   1.653 CG:6    +
   93   115  1   7.5%   1.198 CG:5    +
   62    96  0   6.4%   1.350 GU:6    +
   63    95  1   6.9%   1.308 AU:5    +
   66    92  0   4.8%   0.937 GU:6    +
   97   108  0   4.7%   1.036 GU:6    +
   18    57  0   4.4%   1.053 GC:6    +
   94   113  0   4.3%   1.381 GU:6    +
   15   117  0   3.1%   1.380 CG:5    UG:1    +
   17    60  0   4.0%   1.269 UA:6    +
   96   109  0   4.0%   1.146 UG:6    +
   17   115  0   3.0%   1.755 UG:5    UA:1    +
   19    56  0   3.8%   1.106 GU:6    +
   18   114  0   2.8%   0.904 GC:2    GU:4    +
   74    80  0   3.7%   1.020 GC:6    +
   78    82  2   4.4%   0.672 UG:4    +
    8   119  1   4.2%   0.523 UA:5    +
   15    68  0   2.5%   1.335 CG:5    UG:1    +
   14   111  1   3.8%   1.558 GC:5    +
   15   110  1   3.7%   1.838 CG:5    +
   17    58  1   3.7%   1.400 UA:5    +
   20    59  0   3.1%   0.834 UA:6    +
   14   118  0   3.1%   1.151 GC:6    +
   16   116  0   3.1%   0.873 AU:6    +
   15    25  0   1.8%   1.167 CG:5    UG:1    +
   24    61  0   1.8%   0.800 UG:2    UA:4    +
   82    86  2   3.4%   0.971 GC:4    +
   20    58  1   3.0%   0.966 UA:5    +
   14    69  0   2.5%   1.095 GC:6    +
   16    67  0   2.5%   0.835 AU:6    +
   86    98  0   2.4%   1.508 CG:6    +
   19   113  0   2.3%   1.036 GU:6    +
   89    95  0   2.2%   1.237 GU:6    +
   72   115  0   0.1%   1.146 CG:1    UG:4    UA:1    +
   90    94  0   2.0%   1.538 CG:6    +
   57    62  0   2.0%   1.322 CG:6    +
   17    66  0   2.0%   1.363 UG:6    +
   23    62  0   1.9%   1.173 CG:6    +
   14    26  0   1.8%   0.913 GC:6    +
   19    26  0   1.8%   1.047 GC:6    +
   16    24  0   1.7%   0.604 AU:6    +
   28    66  0   0.7%   0.471 CG:4    UG:2    +
   19    64  0   1.6%   1.238 GC:6    +
   20    60  0   1.6%   0.787 UA:6    +
   54    64  0   1.5%   0.733 GC:6    +
   59    99  0   1.5%   0.806 AU:6    +
   75    79  0   1.4%   0.708 AU:6    +
   15    89  0   0.4%   1.305 CG:5    UG:1    +
   56    62  0   1.3%   1.146 UG:6    +
   20    25  0   1.3%   0.840 UG:6    +
   98   106  0   1.2%   1.077 GC:6    +
   74   114  0   0.2%   0.891 GC:2    GU:4    +
   23   109  0   1.2%   0.995 CG:6    +
   22    58  1   1.7%   0.727 UA:5    +
   19    78  0   0.2%   0.910 GC:1    GU:5    +
   22    63  1   1.7%   0.809 UA:5    +
   20    61  0   0.2%   0.972 UG:2    UA:4    +
   15   109  0   0.1%   1.435 CG:5    UG:1    +
   22    61  0   0.1%   0.768 UG:2    UA:4    +
   78    98  0   0.1%   1.106 CG:1    UG:5    +
   76    83  0   1.1%   0.544 AU:6    +
   61   101  0   0.1%   0.550 GU:2    AU:4    +
   13   119  1   1.6%   0.522 UA:5    +
   61    99  0   0.1%   0.987 GU:2    AU:4    +
   18    23  0   1.1%   0.818 GC:6    +
   56    63  1   1.5%   0.825 UA:5    +
   53    65  0   1.0%   0.372 UA:6    +
   20    63  1   1.5%   1.006 UA:5    +
   97   107  0   1.0%   1.169 GU:6    +
   55    63  1   1.4%   0.697 UA:5    +
   26    68  0   0.9%   0.787 CG:6    +
   25    69  0   0.9%   0.799 GC:6    +
   27    67  0   0.8%   0.657 AU:6    +
   13    27  0   0.8%   0.445 UA:6    +
   18    24  0   0.7%   0.743 GU:6    +
   23    54  0   0.7%   0.524 CG:6    +
    8    71  0   0.7%   0.288 UA:6    +
   19    23  0   0.7%   1.024 GC:6    +
   19   106  0   0.6%   0.856 GC:6    +
   22   110  1   1.1%   1.253 UG:5    +
   18   106  0   0.6%   0.631 GC:6    +
   18   107  0   0.6%   0.945 GU:6    +
   79    89  0   0.5%   0.655 UG:6    +
   58   100  1   1.0%   0.886 AU:5    +
   87    97  0   0.5%   1.259 UG:6    +
   23    74  0   0.5%   0.869 CG:6    +
   99   109  0   0.5%   1.159 UG:6    +
   21    56  0   0.5%   0.389 AU:6    +
   22    75  0   0.5%   0.816 UA:6    +
   24    73  0   0.4%   0.652 UA:6    +
   14    90  0   0.4%   1.055 GC:6    +
   17    62  0   0.4%   1.712 UG:6    +
   59   100  0   0.4%   0.724 AU:6    +
   60    99  0   0.4%   0.759 AU:6    +
   22    59  0   0.3%   0.543 UA:6    +
   80   109  0   0.3%   1.015 CG:6    +
   81   108  0   0.3%   0.473 AU:6    +
   13    91  0   0.3%   0.646 UA:6    +
   90    97  0   0.3%   1.169 CG:6    +
   88    96  0   0.3%   1.008 GU:6    +
   74    93  0   0.3%   0.803 GC:6    +
   71    83  0   0.3%   0.491 AU:6    +
   75    92  0   0.3%   0.933 AU:6    +
   91    96  0   0.3%   0.782 AU:6    +
   24   109  0   0.2%   0.895 UG:6    +
   17    59  0   0.2%   1.158 UA:6    +
   18    26  0   0.2%   0.767 GC:6    +
   57    97  0   0.2%   1.137 CG:6    +
   18    64  0   0.2%   0.962 GC:6    +
   18    80  0   0.2%   0.835 GC:6    +
   20    77  0   0.2%   0.833 UA:6    +
   75   113  0   0.2%   0.791 AU:6    +
    2    74  1   0.2%   0.576 CG:4    UG:1    +
   17    27  0   0.2%   1.073 UA:6    +
   23    97  0   0.2%   0.989 CG:6    +
   22    98  0   0.2%   1.172 UG:6    +
   97   111  1   0.7%   1.588 GC:5    +
   21    99  0   0.2%   0.576 AU:6    +
   93   109  0   0.2%   0.896 CG:6    +
   16   108  0   0.2%   0.521 AU:6    +
   17    81  0   0.2%   1.143 UA:6    +
   89   116  0   0.2%   0.978 GU:6    +
    2    88  1   0.2%   0.647 CG:4    UG:1    +
   94   118  0   0.1%   1.482 GC:6    +
   95   117  0   0.1%   1.152 UG:6    +
   17    65  0   0.1%   1.103 UA:6    +
   56    98  0   0.1%   1.189 UG:6    +
   94   108  0   0.1%   1.209 GU:6    +
   88   118  0   0.1%   1.112 GC:6    +
   64    97  0   0.1%   1.167 CG:6    +
   65    96  0   0.1%   0.586 AU:6    +
   89    99  0   0.1%   0.999 GU:6    +
   83   117  0   0.1%   0.890 UG:6    +
   84   116  0   0.1%   0.561 AU:6    +
   20    62  0   0.1%   1.280 UG:6    +
   97   106  0   0.1%   0.819 GC:6    +
   76   100  0   0.1%   0.564 AU:6    +
   84   100  0   0.1%   0.544 AU:6    +
   77    99  0   0.1%   0.848 AU:6    +
   90    98  0   0.1%   1.373 CG:6    +
   19    79  0   0.1%   0.827 GU:6    +
   75   101  0   0.1%   0.583 AU:6    +
   85   115  1   0.1%   1.172 UG:4    UA:1    +
   64    98  0   0.1%   1.378 CG:6    +
   20    84  0   0.1%   0.565 UA:6    +
   62   100  0   0.1%   1.258 GU:6    +
   60   100  0   0.1%   0.707 AU:6    +
   21    55  0   0.1%   0.248 AU:6    +
   65    87  0   0.1%   0.765 AU:6    +
   64    88  0   0.1%   1.103 CG:6    +
   66    86  0   0.1%   0.931 GC:6    +
   76   113  0   0.1%   0.370 AU:6    +
   21    83  0   0.1%   0.474 AU:6    +
   18    86  0   0.1%   1.006 GC:6    +
   25    57  0   0.1%   0.764 GC:6    +
   88   100  0   0.1%   1.074 GU:6    +
   26    98  0   0.1%   1.182 CG:6    +
   25    99  0   0.1%   0.809 GU:6    +
   59    95  0   0.1%   0.913 AU:6    +
   57    98  0   0.1%   1.343 CG:6    +
   66    93  0   0.1%   0.645 GC:6    +
   59   101  0   0.1%   0.314 AU:6    +
   71   116  0   0.1%   0.558 AU:6    +
   67    84  0   0.1%   0.538 UA:6    +
   68    83  0   0.1%   0.858 GU:6    +
   22    60  0   0.1%   0.526 UA:6    +
  101   109  0   0.1%   0.703 UG:6    +
   79    84  0   0.1%   0.217 UA:6    +
   20    68  0   0.1%   0.939 UG:6    +
   19    69  0   0.1%   1.144 GC:6    +
   74   113  0   0.1%   0.808 GU:6    +
   21    67  0   0.1%   0.528 AU:6    +
   88   120  0   0.1%   0.637 GU:6    +
   22    54  0   0.1%   0.466 UG:6    +
   78    84  1   0.5%   0.317 UA:5    +
   72    82  2   0.3%   0.721 CG:1    UG:3    +
  110   118  1   0.4%   1.441 GC:5    +
  111   117  1   0.4%   1.387 CG:5    +
   74   102  2   0.1%   0.564 GC:1    GU:3    +
   19   111  1   0.3%   1.584 GC:5    +
   23   110  1   0.3%   1.249 CG:5    +
   20   110  1   0.2%   1.421 UG:5    +
   58   101  1   0.2%   0.457 AU:5    +
   17    63  1   0.2%   1.377 UA:5    +
   18   112  1   0.2%   0.865 GU:5    +
   73    78  1   0.2%   0.611 AU:5    +
   76    85  1   0.2%   0.520 AU:5    +
   79   110  1   0.2%   1.071 UG:5    +
   58    96  1   0.2%   0.773 AU:5    +
   90   115  1   0.2%   1.245 CG:5    +
   89   111  1   0.1%   1.385 GC:5    +
   76   112  1   0.1%   0.494 AU:5    +
   87   119  1   0.1%   0.783 UA:5    +
   90   110  1   0.1%   1.417 CG:5    +
   63    99  1   0.1%   0.970 AU:5    +
   88   112  1   0.1%   1.006 GU:5    +
   19    85  1   0.1%   1.103 GU:5    +
   77    85  1   0.1%   0.760 AU:5    +
   24    58  1   0.1%   0.634 UA:5    +
   77   112  1   0.1%   0.737 AU:5    +
   74   111  1   0.1%   1.427 GC:5    +
   35    43  1   0.1%   0.031 GC:5    +
   91   114  2   0.2%   0.737 AU:4    +
   82   107  2   0.2%   0.782 GU:4    +
   82   118  2   0.1%   0.822 GC:4    +
    1    75  2   0.1%   0.535 UA:4    +
   73   114  2   0.1%   0.732 AU:4    +
   75   114  2   0.1%   0.863 AU:4    +
   69    82  2   0.1%   0.779 CG:4    +
........((((((,.,.......(((((((((((........)))))))).))).....,,.))))))..{{{,.........,}}}((((.,,.{({{........}))}..))))..
