6 sequence; length of alignment 116
alifold output
   13    63  0  87.5%   0.709 GC:6   
   14    62  0  87.5%   0.677 GC:6   
   12    64  0  87.5%   0.611 AU:6   
   11    65  0  87.5%   0.490 GC:6   
   23    51  0  82.3%   0.776 GC:6   
   24    50  0  82.2%   0.843 AU:6   
   25    49  0  82.0%   0.779 UA:6   
   26    48  0  80.9%   1.030 GC:6   
   20    56  0  80.7%   0.933 CG:6   
   22    52  0  80.2%   1.104 CG:6   
   21    55  0  79.7%   1.262 CG:6   
   19    57  0  79.3%   0.732 UA:6   
   15    61  0  70.1%   1.201 UG:6   
   10    66  0  64.7%   0.990 UA:6   
   71    93  0  58.4%   1.417 GC:5    GU:1    +
   70    94  0  58.3%   1.445 AU:6    +
   72    92  1  57.8%   1.566 CG:1    UA:4    +
   69    95  1  58.1%   1.539 GC:5    +
   73    91  1  53.1%   1.340 AU:5    +
   17    59  0  47.0%   1.338 UA:6   
   74    90  1  39.8%   1.473 AU:5    +
  103   111  0  37.6%   1.721 UG:1    UA:5   
  102   112  0  37.9%   1.664 CG:6   
   99   115  0  34.0%   1.886 GC:6   
  100   114  0  31.4%   1.904 GU:3    AU:3   
  104   110  2  31.7%   1.718 GU:1    AU:3   
   79    88  0  23.2%   2.209 GC:6    +
   98   116  0  20.3%   1.701 AU:6    +
   80    96  0  18.7%   1.682 UG:1    UA:5   
   79    97  0  18.7%   2.046 GC:5    GU:1   
   82    93  0  15.5%   1.869 GC:5    GU:1   
   83    92  0  15.3%   1.662 UG:1    UA:5   
   81    95  1  16.6%   2.030 GC:5   
   80    87  2  16.2%   1.585 UG:3    UA:1    +
   27    36  0  12.5%   1.995 GC:5    GU:1    +
   28    35  0  12.4%   2.217 GC:2    GU:4    +
   78    98  0  11.0%   1.380 UA:6   
   28    46  0   9.9%   2.255 GC:3    GU:3    +
   28    36  0   9.6%   2.183 GC:5    GU:1    +
   41    46  0   8.3%   1.689 GC:3    GU:2    AU:1    +
   81   103  0   9.1%   1.927 GU:5    AU:1    +
   84   100  0   9.0%   1.446 UG:3    UA:3    +
   29    35  0   8.8%   1.784 GC:2    GU:4    +
   82   102  0   9.2%   1.852 GC:6    +
   83   101  0   9.1%   1.212 UA:6    +
   85    99  0   7.8%   1.347 CG:1    UG:5    +
   81    89  0   7.5%   1.560 GU:5    AU:1    +
   38    46  0   6.5%   1.464 GC:3    GU:1    AU:2    +
   55    60  0   8.3%   1.034 GC:6    +
   29    34  1   8.1%   1.378 GC:2    GU:3    +
   80   104  2   8.1%   1.633 UG:1    UA:3    +
   82    88  0   7.6%   1.754 GC:6    +
   15   113  0   6.5%   0.812 UG:2    UA:4    +
   17   111  0   6.4%   1.480 UG:1    UA:5    +
   27    37  1   7.5%   1.695 GU:5    +
   79   105  2   7.1%   1.632 GC:1    GU:3    +
   73   110  0   6.7%   1.564 AU:6    +
   16   112  0   6.5%   1.046 CG:6    +
   13   115  0   6.5%   1.206 GC:6    +
   14   114  0   6.5%   1.187 GU:6    +
   75   108  2   6.7%   0.810 CG:3    UA:1    +
   74   109  1   6.8%   1.136 AU:5    +
   79    85  0   4.9%   1.758 GC:1    GU:5    +
   35   100  0   3.8%   1.675 CG:2    UG:1    UA:3    +
   72   111  1   5.6%   1.433 CG:1    UA:4    +
   18   110  0   5.5%   1.134 AU:6    +
   70   114  0   5.3%   1.460 AU:6    +
   28    43  0   5.2%   1.652 GC:6    +
   69   115  1   5.5%   1.466 GC:5    +
   36    99  0   3.8%   1.639 CG:5    UG:1    +
   12   116  0   4.7%   1.017 AU:6    +
   39    96  0   3.6%   0.824 UG:1    UA:5    +
   27    46  0   3.5%   1.922 GC:3    GU:3    +
   81    86  2   4.6%   1.481 GC:1    GU:3    +
   31    40  1   4.7%   0.630 UA:5    +
   30    41  2   4.9%   1.081 CG:4    +
   23    54  0   4.1%   0.696 GU:6    +
   24    53  0   4.1%   0.709 AU:6    +
   25    52  0   4.1%   0.995 UG:6    +
   26    51  0   4.0%   0.970 GC:6    +
   38    97  1   3.8%   1.099 GC:4    AU:1    +
   81    94  0   2.7%   1.722 GU:5    AU:1    +
   68   116  0   3.6%   0.930 AU:6    +
   22    55  0   3.5%   1.202 CG:6    +
   33    38  0   1.5%   0.795 CG:1    UG:3    UA:2    +
   33    41  0   1.4%   0.989 CG:1    UG:4    UA:1    +
   37    98  1   3.8%   1.381 UA:5    +
   79    86  1   3.0%   1.612 GC:2    GU:3    +
   21    56  0   3.0%   0.952 CG:6    +
   82    94  0   2.9%   1.582 GU:6    +
   27    50  0   2.9%   1.403 GU:6    +
   28    63  0   2.6%   1.624 GC:6    +
   29    62  0   2.6%   1.205 GC:6    +
   26    65  0   2.6%   0.875 GC:6    +
   27    64  0   2.6%   1.338 GU:6    +
   25    66  0   2.5%   0.912 UA:6    +
  100   110  0   1.5%   1.671 GU:3    AU:3    +
   75    82  1   2.5%   1.359 CG:4    UG:1    +
   35    41  0   0.5%   1.441 CG:2    UG:3    UA:1    +
   21    27  0   2.5%   1.577 CG:6    +
   20    28  0   2.4%   1.711 CG:6    +
   84    92  0   1.2%   1.162 UG:1    UA:5    +
   21    28  0   2.1%   1.790 CG:6    +
   30    61  1   2.6%   0.853 CG:5    +
   29    46  0   1.1%   1.688 GC:3    GU:3    +
   20    29  0   2.1%   1.313 CG:6    +
   22    27  0   2.0%   1.568 CG:6    +
   54    61  0   2.0%   0.855 UG:6    +
   34    41  1   1.4%   1.080 CG:2    UG:2    UA:1    +
   74    83  1   2.3%   1.414 AU:5    +
  101   109  0   1.6%   0.685 AU:6    +
   79    84  0   1.6%   1.720 GU:6    +
   24    67  1   2.1%   0.623 AU:5    +
   78    87  2   1.9%   0.878 UG:3    UA:1    +
   22    26  0   1.5%   1.069 CG:6    +
   19    29  0   1.5%   1.220 UG:6    +
   27    35  0   0.5%   1.764 GC:2    GU:4    +
   96   109  0   0.5%   0.831 GU:1    AU:5    +
   25    38  0   0.5%   0.935 UG:4    UA:2    +
   29    36  0   0.4%   1.594 GC:5    GU:1    +
   73    84  0   1.4%   1.064 AU:6    +
   29    43  0   1.4%   1.171 GC:6    +
   78    96  0   0.4%   0.905 UG:1    UA:5    +
   35    55  0   0.4%   1.354 CG:2    UG:4    +
   76    81  1   1.4%   1.273 UG:4    UA:1    +
   80    92  0   0.3%   1.583 UG:1    UA:5    +
   79    93  0   0.3%   1.911 GC:5    GU:1    +
   36    55  0   0.3%   1.348 CG:5    UG:1    +
   16    61  0   1.3%   0.834 CG:6    +
   35    56  0   0.3%   1.116 CG:2    UG:4    +
   52    63  0   1.3%   0.800 GC:6    +
   29    33  0   0.3%   1.099 GC:1    GU:5    +
   26    36  0   0.2%   1.267 GC:5    GU:1    +
   37    47  2   1.9%   0.685 UA:4    +
   93   112  0   0.2%   1.255 CG:5    UG:1    +
   94   111  0   0.2%   1.279 UG:1    UA:5    +
   67    79  0   0.2%   1.411 CG:1    UG:5    +
   83    87  2   1.5%   1.162 UG:3    UA:1    +
   89    96  0   0.1%   0.802 UG:1    UA:5    +
   36    56  0   0.1%   1.105 CG:5    UG:1    +
   38    53  0   0.1%   0.686 GU:4    AU:2    +
   19    38  0   0.1%   0.813 UG:4    UA:2    +
   38    54  0   0.1%   0.765 GU:4    AU:2    +
   41    50  0   0.1%   0.985 GU:5    AU:1    +
   97   112  0   0.1%   1.091 CG:5    UG:1    +
   38    50  0   0.1%   0.789 GU:4    AU:2    +
   32    41  1   1.0%   0.872 UG:4    UA:1    +
   36    41  1   1.0%   1.459 CG:4    UG:1    +
  102   108  2   1.5%   1.058 CG:4    +
   28    48  0   0.8%   1.602 GC:6    +
   71    88  0   0.8%   1.118 GC:6    +
   70    89  0   0.8%   0.910 AU:6    +
   71   102  0   0.7%   1.191 GC:6    +
   29    48  0   0.7%   1.210 GC:6    +
   70   103  0   0.6%   1.247 AU:6    +
   52    62  0   0.6%   0.744 GC:6    +
   31    41  1   0.6%   0.935 UG:4    UA:1    +
   72   113  1   0.1%   0.743 CG:1    UG:1    UA:3    +
   33    40  1   1.1%   0.559 UA:5    +
   98   107  0   0.6%   0.848 AU:6    +
   67    92  1   0.5%   0.884 UG:1    UA:4    +
   79    95  0   0.5%   1.927 GC:6    +
   76   100  1   0.5%   0.984 UG:3    UA:2    +
   34    56  1   0.5%   0.730 CG:2    UG:3    +
   26    37  1   1.0%   1.065 GU:5    +
   99   106  1   0.5%   0.860 GC:1    GU:4    +
   28    34  1   0.5%   1.589 GC:2    GU:3    +
   27    43  0   0.4%   1.298 GC:6    +
   89    98  0   0.4%   1.069 UA:6    +
   71   115  0   0.4%   1.213 GC:6    +
   88    99  0   0.4%   1.428 CG:6    +
   19    58  0   0.4%   0.411 UA:6    +
   72   112  1   0.3%   1.165 CG:1    UG:4    +
   16    56  0   0.3%   0.657 CG:6    +
   17    55  0   0.3%   1.200 UG:6    +
   18    54  0   0.3%   0.475 AU:6    +
   24    39  0   0.3%   0.605 AU:6    +
   53    61  0   0.3%   0.715 UG:6    +
   82    90  0   0.3%   1.403 GU:6    +
   81    91  1   0.3%   1.505 GU:4    AU:1    +
   70   116  0   0.3%   1.218 AU:6    +
   75    99  1   0.3%   1.132 CG:4    UG:1    +
   69    90  1   0.8%   1.059 GU:5    +
   97   108  2   0.6%   0.810 CG:3    UG:1    +
   52    60  0   0.2%   0.685 GC:6    +
   68    91  1   0.7%   0.639 AU:5    +
   17    58  0   0.2%   0.666 UA:6    +
   52    65  0   0.2%   0.713 GC:6    +
   19    70  0   0.2%   0.915 UA:6    +
   53    59  0   0.2%   0.604 UA:6    +
   49    54  0   0.2%   0.475 AU:6    +
   32    40  1   0.7%   0.440 UA:5    +
   15    57  0   0.2%   0.686 UA:6    +
   66    80  0   0.2%   1.270 AU:6    +
   68    78  0   0.2%   0.580 AU:6    +
   22    71  0   0.1%   0.949 CG:6    +
   32    38  1   0.1%   0.639 UG:3    UA:2    +
   55    63  0   0.1%   0.910 GC:6    +
   39    47  1   0.6%   0.345 UA:5    +
   56    62  0   0.1%   0.645 GC:6    +
   73    90  0   0.1%   1.055 AU:6    +
   27    48  0   0.1%   1.350 GC:6    +
   48    55  0   0.1%   0.944 CG:6    +
   67    96  1   0.1%   0.669 UG:1    UA:4    +
   51    61  0   0.1%   0.834 CG:6    +
   20    71  0   0.1%   0.856 CG:6    +
   18    39  0   0.1%   0.393 AU:6    +
   17    40  0   0.1%   0.854 UA:6    +
   62    82  0   0.1%   1.210 CG:6    +
   19    55  0   0.1%   0.924 UG:6    +
   65    79  0   0.1%   1.509 CG:6    +
   39    49  0   0.1%   0.400 UA:6    +
   54    58  0   0.1%   0.349 UA:6    +
   61    83  0   0.1%   1.187 GU:6    +
   66    78  0   0.1%   0.780 AU:6    +
   75   112  1   0.1%   0.937 CG:4    UG:1    +
   64    82  0   0.1%   1.177 UG:6    +
   21    71  0   0.1%   0.942 CG:6    +
   33    57  1   0.5%   0.503 UA:5    +
   41    48  1   0.5%   1.047 GC:5    +
   31    59  1   0.5%   0.650 UA:5    +
   32    58  1   0.5%   0.241 UA:5    +
   38    48  2   0.6%   0.855 GC:4    +
   28    37  1   0.4%   1.745 GU:5    +
   35    40  2   0.6%   1.027 UA:4    +
   81    88  1   0.4%   1.722 GC:5    +
   72   101  2   0.5%   0.894 UA:4    +
   75   100  2   0.2%   1.165 CG:3    UA:1    +
   22    69  1   0.3%   1.071 CG:5    +
   38    43  2   0.5%   0.784 GC:4    +
    9    68  1   0.3%   0.260 UA:5    +
   37    49  1   0.2%   0.705 UA:5    +
   20    69  1   0.2%   0.975 CG:5    +
   32    59  1   0.2%   0.556 UA:5    +
   76    99  1   0.2%   0.931 UG:5    +
   76    98  1   0.2%   0.908 UA:5    +
   33    58  1   0.2%   0.328 UA:5    +
   65    81  1   0.1%   1.345 CG:5    +
   74    89  1   0.1%   0.949 AU:5    +
   70    76  1   0.1%   0.729 AU:5    +
   37    55  1   0.1%   1.103 UG:5    +
   16    41  1   0.1%   0.961 CG:5    +
   63    81  1   0.1%   1.386 CG:5    +
   41    51  1   0.1%   1.010 GC:5    +
   74    80  1   0.1%   1.523 AU:5    +
   20   108  2   0.2%   0.698 CG:4    +
   35    57  2   0.1%   0.969 UA:4    +
.........{(((((.{.((((((((,,...................)))))..))).,.))))))..{{{{{,....{,,,.......,}))})..,,,.,,,.....,,,.,,.
